#
# A fatal error has been detected by the Java Runtime Environment:
#
#  EXCEPTION_ACCESS_VIOLATION (0xc0000005) at pc=0x000001df41ced6b1, pid=11368, tid=11928
#
# JRE version: OpenJDK Runtime Environment (11.0+28) (build 11+28)
# Java VM: OpenJDK 64-Bit Server VM (11+28, mixed mode, tiered, compressed oops, g1 gc, windows-amd64)
# Problematic frame:
# j  day13.Day13.solvePart2(Ljava/util/List;)J+385
#
# No core dump will be written. Minidumps are not enabled by default on client versions of Windows
#
# If you would like to submit a bug report, please visit:
#   http://bugreport.java.com/bugreport/crash.jsp
#

---------------  S U M M A R Y ------------

Command Line: -agentlib:jdwp=transport=dt_socket,address=127.0.0.1:52700,suspend=y,server=n -javaagent:C:\Users\Sqbika\AppData\Local\JetBrains\Toolbox\apps\IDEA-U\ch-0\201.7846.76\plugins\java\lib\rt\debugger-agent.jar -Dfile.encoding=UTF-8 SolutionKt today

Host: Intel(R) Core(TM) i5-6400 CPU @ 2.70GHz, 4 cores, 15G,  Windows 10 , 64 bit Build 17763 (10.0.17763.475)
Time: Sun Dec 13 13:37:08 2020 Central Europe Standard Time elapsed time: 3213 seconds (0d 0h 53m 33s)

---------------  T H R E A D  ---------------

Current thread (0x000001df399b9800):  JavaThread "main" [_thread_in_Java, id=11928, stack(0x0000000fd1e00000,0x0000000fd1f00000)]

Stack: [0x0000000fd1e00000,0x0000000fd1f00000],  sp=0x0000000fd1eff568,  free space=1021k
Native frames: (J=compiled Java code, j=interpreted, Vv=VM code, C=native code)
C  0x000001df41ced6b1


siginfo: EXCEPTION_ACCESS_VIOLATION (0xc0000005), reading address 0x000003bebbd7eae0


Register to memory mapping:

RIP=0x000001df41ced6b1 is at code_begin+2129 in an Interpreter codelet
invokeinterface  185 invokeinterface  [0x000001df41cece60, 0x000001df41cedda0]  3904 bytes
RAX=0x0000000800020bf0 is pointing into metadata
RBX={method} {0x000001df5cb29ee0} 'hasNext' '()Z' in 'java/util/Iterator'
RCX={method} {0x000001df5cb29ee0} 'hasNext' '()Z' in 'java/util/Iterator'
RDX=0x00000008000b8550 is pointing into metadata
RSP=0x0000000fd1eff568 is pointing into the stack for thread: 0x000001df399b9800
RBP=0x0000000fd1eff5f0 is pointing into the stack for thread: 0x000001df399b9800
RSI=0x0 is NULL
RDI=0x0101010101010101 is an unknown value
R8 =0x0000000000000002 is an unknown value
R9 =0x0000000000000002 is an unknown value
R10=0x00007ff8137bb500 jvm.dll
R11=0x0000000fd1eff538 is pointing into the stack for thread: 0x000001df399b9800
R12=0x0 is NULL
R13=0x000003bebbd7eac8 is an unknown value
R14=0x00000008000b8798 is pointing into metadata
R15=0x000001df399b9800 is a thread


Registers:
RAX=0x0000000800020bf0, RBX=0x000001df5cb29ed8, RCX=0x000001df5cb29ed8, RDX=0x00000008000b8550
RSP=0x0000000fd1eff568, RBP=0x0000000fd1eff5f0, RSI=0x0000000000000000, RDI=0x0101010101010101
R8 =0x0000000000000002, R9 =0x0000000000000002, R10=0x00007ff8137bb500, R11=0x0000000fd1eff538
R12=0x0000000000000000, R13=0x000003bebbd7eac8, R14=0x00000008000b8798, R15=0x000001df399b9800
RIP=0x000001df41ced6b1, EFLAGS=0x0000000000010202

Top of Stack: (sp=0x0000000fd1eff568)
0x0000000fd1eff568:   000001df41ccb071 00000007087671c0
0x0000000fd1eff578:   0000000000000000 0000000000017450
0x0000000fd1eff588:   0000000000000000 0000000000000000
0x0000000fd1eff598:   0000000000017450 0000000000000000
0x0000000fd1eff5a8:   0000000fd1eff5a8 000001df5d00dd09
0x0000000fd1eff5b8:   0000000fd1eff6d8 000001df5d00eca8
0x0000000fd1eff5c8:   000003bebbd7eac8 0000000700a01248
0x0000000fd1eff5d8:   000001df5d00dfa0 0000000000000000
0x0000000fd1eff5e8:   0000000fd1eff6d0 0000000fd1eff730
0x0000000fd1eff5f8:   000001df41ccbba1 00000000000bedb3
0x0000000fd1eff608:   deaddeaf00000000 000001df00000000
0x0000000fd1eff618:   deaddeaf00000000 0000000000000000
0x0000000fd1eff628:   deaddeaf00000000 0000000000000000
0x0000000fd1eff638:   0000000000000001 0000000000000000
0x0000000fd1eff648:   0000000700b1e3a0 0000000700b1e3a0
0x0000000fd1eff658:   00000007087671c0 0000000000000017 

Instructions: (pc=0x000001df41ced6b1)
0x000001df41ced691:   04 00 00 49 83 c6 10 4d 8b 2e 49 3b c5 75 eb 4c
0x000001df41ced6a1:   8b 6d c0 4c 8b 6d d8 4d 85 ed 0f 84 97 00 00 00
0x000001df41ced6b1:   4d 8b 75 18 4c 3b f2 0f 85 0f 00 00 00 49 83 45
0x000001df41ced6c1:   20 01 49 83 5d 20 00 e9 73 00 00 00 4d 85 f6 0f 


invokeinterface  185 invokeinterface  [0x000001df41cece60, 0x000001df41cedda0]  3904 bytes

---------------  P R O C E S S  ---------------

Threads class SMR info:
_java_thread_list=0x000001df5d5a3e30, length=12, elements={
0x000001df399b9800, 0x000001df5d233000, 0x000001df5d23f000, 0x000001df5d299800,
0x000001df5d29b800, 0x000001df5d2a1000, 0x000001df5d248000, 0x000001df5d24b000,
0x000001df5d3fd800, 0x000001df5d4c3800, 0x000001df5d6c2000, 0x000001df5d519800
}

Java Threads: ( => current thread )
=>0x000001df399b9800 JavaThread "main" [_thread_in_Java, id=11928, stack(0x0000000fd1e00000,0x0000000fd1f00000)]
  0x000001df5d233000 JavaThread "Reference Handler" daemon [_thread_blocked, id=8208, stack(0x0000000fd2500000,0x0000000fd2600000)]
  0x000001df5d23f000 JavaThread "Finalizer" daemon [_thread_blocked, id=988, stack(0x0000000fd2600000,0x0000000fd2700000)]
  0x000001df5d299800 JavaThread "Signal Dispatcher" daemon [_thread_blocked, id=5160, stack(0x0000000fd2700000,0x0000000fd2800000)]
  0x000001df5d29b800 JavaThread "Attach Listener" daemon [_thread_blocked, id=11460, stack(0x0000000fd2800000,0x0000000fd2900000)]
  0x000001df5d2a1000 JavaThread "C2 CompilerThread0" daemon [_thread_blocked, id=1048, stack(0x0000000fd2900000,0x0000000fd2a00000)]
  0x000001df5d248000 JavaThread "C1 CompilerThread0" daemon [_thread_blocked, id=7704, stack(0x0000000fd2a00000,0x0000000fd2b00000)]
  0x000001df5d24b000 JavaThread "Sweeper thread" daemon [_thread_blocked, id=6756, stack(0x0000000fd2b00000,0x0000000fd2c00000)]
  0x000001df5d3fd800 JavaThread "Common-Cleaner" daemon [_thread_blocked, id=6892, stack(0x0000000fd2c00000,0x0000000fd2d00000)]
  0x000001df5d4c3800 JavaThread "JDWP Transport Listener: dt_socket" daemon [_thread_in_vm, id=6408, stack(0x0000000fd2d00000,0x0000000fd2e00000)]
  0x000001df5d6c2000 JavaThread "JDWP Event Helper Thread" daemon [_thread_blocked, id=9644, stack(0x0000000fd2e00000,0x0000000fd2f00000)]
  0x000001df5d519800 JavaThread "Service Thread" daemon [_thread_blocked, id=11980, stack(0x0000000fd3000000,0x0000000fd3100000)]

Other Threads:
  0x000001df5c97b800 VMThread "VM Thread" [stack: 0x0000000fd2400000,0x0000000fd2500000] [id=4496] _threads_hazard_ptr=0x000001df5d5a3e30
  0x000001df5d6c3000 WatcherThread [stack: 0x0000000fd3100000,0x0000000fd3200000] [id=2564]
  0x000001df399d2800 GCTaskThread "GC Thread#0" [stack: 0x0000000fd1f00000,0x0000000fd2000000] [id=4792]
  0x000001df5d900800 GCTaskThread "GC Thread#1" [stack: 0x0000000fd3200000,0x0000000fd3300000] [id=4240]
  0x000001df5d825000 GCTaskThread "GC Thread#2" [stack: 0x0000000fd3300000,0x0000000fd3400000] [id=3604]
  0x000001df5d826000 GCTaskThread "GC Thread#3" [stack: 0x0000000fd3400000,0x0000000fd3500000] [id=11964]
  0x000001df39a2f800 ConcurrentGCThread "G1 Main Marker" [stack: 0x0000000fd2000000,0x0000000fd2100000] [id=8888]
  0x000001df39a32000 ConcurrentGCThread "G1 Conc#0" [stack: 0x0000000fd2100000,0x0000000fd2200000] [id=8352]
  0x000001df5c868800 ConcurrentGCThread "G1 Refine#0" [stack: 0x0000000fd2200000,0x0000000fd2300000] [id=9500]
  0x000001df5c869800 ConcurrentGCThread "G1 Young RemSet Sampling" [stack: 0x0000000fd2300000,0x0000000fd2400000] [id=5716]

Threads with active compile tasks:

VM state:synchronizing (normal execution)

VM Mutex/Monitor currently owned by a thread:  ([mutex/lock_event])
[0x000001df399b8370] Safepoint_lock - owner thread: 0x000001df5c97b800
[0x000001df399b94e0] Threads_lock - owner thread: 0x000001df5c97b800

Heap address: 0x0000000700a00000, size: 4086 MB, Compressed Oops mode: Zero based, Oop shift amount: 3
Narrow klass base: 0x0000000800000000, Narrow klass shift: 0
Compressed class space size: 1073741824 Address: 0x0000000800000000

Heap:
 garbage-first heap   total 262144K, used 135229K [0x0000000700a00000, 0x0000000800000000)
  region size 1024K, 132 young (135168K), 1 survivors (1024K)
 Metaspace       used 9407K, capacity 9602K, committed 9856K, reserved 1058816K
  class space    used 712K, capacity 795K, committed 896K, reserved 1048576K
Heap Regions: E=young(eden), S=young(survivor), O=old, HS=humongous(starts), HC=humongous(continues), CS=collection set, F=free, A=archive, TAMS=top-at-mark-start (previous, next)
|   0|0x0000000700a00000, 0x0000000700b00000, 0x0000000700b00000|100%| O|  |TAMS 0x0000000700a00000, 0x0000000700a00000| Untracked 
|   1|0x0000000700b00000, 0x0000000700c00000, 0x0000000700c00000|100%| O|  |TAMS 0x0000000700b00000, 0x0000000700b00000| Untracked 
|   2|0x0000000700c00000, 0x0000000700c0ee00, 0x0000000700d00000|  5%| O|  |TAMS 0x0000000700c00000, 0x0000000700c00000| Untracked 
|   3|0x0000000700d00000, 0x0000000700d00000, 0x0000000700e00000|  0%| F|  |TAMS 0x0000000700d00000, 0x0000000700d00000| Untracked 
|   4|0x0000000700e00000, 0x0000000700e00000, 0x0000000700f00000|  0%| F|  |TAMS 0x0000000700e00000, 0x0000000700e00000| Untracked 
|   5|0x0000000700f00000, 0x0000000700f00000, 0x0000000701000000|  0%| F|  |TAMS 0x0000000700f00000, 0x0000000700f00000| Untracked 
|   6|0x0000000701000000, 0x0000000701000000, 0x0000000701100000|  0%| F|  |TAMS 0x0000000701000000, 0x0000000701000000| Untracked 
|   7|0x0000000701100000, 0x0000000701100000, 0x0000000701200000|  0%| F|  |TAMS 0x0000000701100000, 0x0000000701100000| Untracked 
|   8|0x0000000701200000, 0x0000000701200000, 0x0000000701300000|  0%| F|  |TAMS 0x0000000701200000, 0x0000000701200000| Untracked 
|   9|0x0000000701300000, 0x0000000701300000, 0x0000000701400000|  0%| F|  |TAMS 0x0000000701300000, 0x0000000701300000| Untracked 
|  10|0x0000000701400000, 0x0000000701400000, 0x0000000701500000|  0%| F|  |TAMS 0x0000000701400000, 0x0000000701400000| Untracked 
|  11|0x0000000701500000, 0x0000000701500000, 0x0000000701600000|  0%| F|  |TAMS 0x0000000701500000, 0x0000000701500000| Untracked 
|  12|0x0000000701600000, 0x0000000701600000, 0x0000000701700000|  0%| F|  |TAMS 0x0000000701600000, 0x0000000701600000| Untracked 
|  13|0x0000000701700000, 0x0000000701700000, 0x0000000701800000|  0%| F|  |TAMS 0x0000000701700000, 0x0000000701700000| Untracked 
|  14|0x0000000701800000, 0x0000000701800000, 0x0000000701900000|  0%| F|  |TAMS 0x0000000701800000, 0x0000000701800000| Untracked 
|  15|0x0000000701900000, 0x0000000701900000, 0x0000000701a00000|  0%| F|  |TAMS 0x0000000701900000, 0x0000000701900000| Untracked 
|  16|0x0000000701a00000, 0x0000000701a00000, 0x0000000701b00000|  0%| F|  |TAMS 0x0000000701a00000, 0x0000000701a00000| Untracked 
|  17|0x0000000701b00000, 0x0000000701b00000, 0x0000000701c00000|  0%| F|  |TAMS 0x0000000701b00000, 0x0000000701b00000| Untracked 
|  18|0x0000000701c00000, 0x0000000701c00000, 0x0000000701d00000|  0%| F|  |TAMS 0x0000000701c00000, 0x0000000701c00000| Untracked 
|  19|0x0000000701d00000, 0x0000000701d00000, 0x0000000701e00000|  0%| F|  |TAMS 0x0000000701d00000, 0x0000000701d00000| Untracked 
|  20|0x0000000701e00000, 0x0000000701e00000, 0x0000000701f00000|  0%| F|  |TAMS 0x0000000701e00000, 0x0000000701e00000| Untracked 
|  21|0x0000000701f00000, 0x0000000701f00000, 0x0000000702000000|  0%| F|  |TAMS 0x0000000701f00000, 0x0000000701f00000| Untracked 
|  22|0x0000000702000000, 0x0000000702000000, 0x0000000702100000|  0%| F|  |TAMS 0x0000000702000000, 0x0000000702000000| Untracked 
|  23|0x0000000702100000, 0x0000000702100000, 0x0000000702200000|  0%| F|  |TAMS 0x0000000702100000, 0x0000000702100000| Untracked 
|  24|0x0000000702200000, 0x0000000702200000, 0x0000000702300000|  0%| F|  |TAMS 0x0000000702200000, 0x0000000702200000| Untracked 
|  25|0x0000000702300000, 0x0000000702300000, 0x0000000702400000|  0%| F|  |TAMS 0x0000000702300000, 0x0000000702300000| Untracked 
|  26|0x0000000702400000, 0x0000000702400000, 0x0000000702500000|  0%| F|  |TAMS 0x0000000702400000, 0x0000000702400000| Untracked 
|  27|0x0000000702500000, 0x0000000702500000, 0x0000000702600000|  0%| F|  |TAMS 0x0000000702500000, 0x0000000702500000| Untracked 
|  28|0x0000000702600000, 0x0000000702600000, 0x0000000702700000|  0%| F|  |TAMS 0x0000000702600000, 0x0000000702600000| Untracked 
|  29|0x0000000702700000, 0x0000000702700000, 0x0000000702800000|  0%| F|  |TAMS 0x0000000702700000, 0x0000000702700000| Untracked 
|  30|0x0000000702800000, 0x0000000702800000, 0x0000000702900000|  0%| F|  |TAMS 0x0000000702800000, 0x0000000702800000| Untracked 
|  31|0x0000000702900000, 0x0000000702900000, 0x0000000702a00000|  0%| F|  |TAMS 0x0000000702900000, 0x0000000702900000| Untracked 
|  32|0x0000000702a00000, 0x0000000702a00000, 0x0000000702b00000|  0%| F|  |TAMS 0x0000000702a00000, 0x0000000702a00000| Untracked 
|  33|0x0000000702b00000, 0x0000000702b00000, 0x0000000702c00000|  0%| F|  |TAMS 0x0000000702b00000, 0x0000000702b00000| Untracked 
|  34|0x0000000702c00000, 0x0000000702c00000, 0x0000000702d00000|  0%| F|  |TAMS 0x0000000702c00000, 0x0000000702c00000| Untracked 
|  35|0x0000000702d00000, 0x0000000702d00000, 0x0000000702e00000|  0%| F|  |TAMS 0x0000000702d00000, 0x0000000702d00000| Untracked 
|  36|0x0000000702e00000, 0x0000000702e00000, 0x0000000702f00000|  0%| F|  |TAMS 0x0000000702e00000, 0x0000000702e00000| Untracked 
|  37|0x0000000702f00000, 0x0000000702f00000, 0x0000000703000000|  0%| F|  |TAMS 0x0000000702f00000, 0x0000000702f00000| Untracked 
|  38|0x0000000703000000, 0x0000000703000000, 0x0000000703100000|  0%| F|  |TAMS 0x0000000703000000, 0x0000000703000000| Untracked 
|  39|0x0000000703100000, 0x0000000703100000, 0x0000000703200000|  0%| F|  |TAMS 0x0000000703100000, 0x0000000703100000| Untracked 
|  40|0x0000000703200000, 0x0000000703200000, 0x0000000703300000|  0%| F|  |TAMS 0x0000000703200000, 0x0000000703200000| Untracked 
|  41|0x0000000703300000, 0x0000000703300000, 0x0000000703400000|  0%| F|  |TAMS 0x0000000703300000, 0x0000000703300000| Untracked 
|  42|0x0000000703400000, 0x0000000703400000, 0x0000000703500000|  0%| F|  |TAMS 0x0000000703400000, 0x0000000703400000| Untracked 
|  43|0x0000000703500000, 0x0000000703500000, 0x0000000703600000|  0%| F|  |TAMS 0x0000000703500000, 0x0000000703500000| Untracked 
|  44|0x0000000703600000, 0x0000000703600000, 0x0000000703700000|  0%| F|  |TAMS 0x0000000703600000, 0x0000000703600000| Untracked 
|  45|0x0000000703700000, 0x0000000703700000, 0x0000000703800000|  0%| F|  |TAMS 0x0000000703700000, 0x0000000703700000| Untracked 
|  46|0x0000000703800000, 0x0000000703800000, 0x0000000703900000|  0%| F|  |TAMS 0x0000000703800000, 0x0000000703800000| Untracked 
|  47|0x0000000703900000, 0x0000000703900000, 0x0000000703a00000|  0%| F|  |TAMS 0x0000000703900000, 0x0000000703900000| Untracked 
|  48|0x0000000703a00000, 0x0000000703a00000, 0x0000000703b00000|  0%| F|  |TAMS 0x0000000703a00000, 0x0000000703a00000| Untracked 
|  49|0x0000000703b00000, 0x0000000703b00000, 0x0000000703c00000|  0%| F|  |TAMS 0x0000000703b00000, 0x0000000703b00000| Untracked 
|  50|0x0000000703c00000, 0x0000000703c00000, 0x0000000703d00000|  0%| F|  |TAMS 0x0000000703c00000, 0x0000000703c00000| Untracked 
|  51|0x0000000703d00000, 0x0000000703d00000, 0x0000000703e00000|  0%| F|  |TAMS 0x0000000703d00000, 0x0000000703d00000| Untracked 
|  52|0x0000000703e00000, 0x0000000703e00000, 0x0000000703f00000|  0%| F|  |TAMS 0x0000000703e00000, 0x0000000703e00000| Untracked 
|  53|0x0000000703f00000, 0x0000000703f00000, 0x0000000704000000|  0%| F|  |TAMS 0x0000000703f00000, 0x0000000703f00000| Untracked 
|  54|0x0000000704000000, 0x0000000704000000, 0x0000000704100000|  0%| F|  |TAMS 0x0000000704000000, 0x0000000704000000| Untracked 
|  55|0x0000000704100000, 0x0000000704100000, 0x0000000704200000|  0%| F|  |TAMS 0x0000000704100000, 0x0000000704100000| Untracked 
|  56|0x0000000704200000, 0x0000000704200000, 0x0000000704300000|  0%| F|  |TAMS 0x0000000704200000, 0x0000000704200000| Untracked 
|  57|0x0000000704300000, 0x0000000704300000, 0x0000000704400000|  0%| F|  |TAMS 0x0000000704300000, 0x0000000704300000| Untracked 
|  58|0x0000000704400000, 0x0000000704400000, 0x0000000704500000|  0%| F|  |TAMS 0x0000000704400000, 0x0000000704400000| Untracked 
|  59|0x0000000704500000, 0x0000000704500000, 0x0000000704600000|  0%| F|  |TAMS 0x0000000704500000, 0x0000000704500000| Untracked 
|  60|0x0000000704600000, 0x0000000704600000, 0x0000000704700000|  0%| F|  |TAMS 0x0000000704600000, 0x0000000704600000| Untracked 
|  61|0x0000000704700000, 0x0000000704700000, 0x0000000704800000|  0%| F|  |TAMS 0x0000000704700000, 0x0000000704700000| Untracked 
|  62|0x0000000704800000, 0x0000000704800000, 0x0000000704900000|  0%| F|  |TAMS 0x0000000704800000, 0x0000000704800000| Untracked 
|  63|0x0000000704900000, 0x0000000704900000, 0x0000000704a00000|  0%| F|  |TAMS 0x0000000704900000, 0x0000000704900000| Untracked 
|  64|0x0000000704a00000, 0x0000000704a00000, 0x0000000704b00000|  0%| F|  |TAMS 0x0000000704a00000, 0x0000000704a00000| Untracked 
|  65|0x0000000704b00000, 0x0000000704b00000, 0x0000000704c00000|  0%| F|  |TAMS 0x0000000704b00000, 0x0000000704b00000| Untracked 
|  66|0x0000000704c00000, 0x0000000704c00000, 0x0000000704d00000|  0%| F|  |TAMS 0x0000000704c00000, 0x0000000704c00000| Untracked 
|  67|0x0000000704d00000, 0x0000000704d00000, 0x0000000704e00000|  0%| F|  |TAMS 0x0000000704d00000, 0x0000000704d00000| Untracked 
|  68|0x0000000704e00000, 0x0000000704e00000, 0x0000000704f00000|  0%| F|  |TAMS 0x0000000704e00000, 0x0000000704e00000| Untracked 
|  69|0x0000000704f00000, 0x0000000704f00000, 0x0000000705000000|  0%| F|  |TAMS 0x0000000704f00000, 0x0000000704f00000| Untracked 
|  70|0x0000000705000000, 0x0000000705000000, 0x0000000705100000|  0%| F|  |TAMS 0x0000000705000000, 0x0000000705000000| Untracked 
|  71|0x0000000705100000, 0x0000000705100000, 0x0000000705200000|  0%| F|  |TAMS 0x0000000705100000, 0x0000000705100000| Untracked 
|  72|0x0000000705200000, 0x0000000705200000, 0x0000000705300000|  0%| F|  |TAMS 0x0000000705200000, 0x0000000705200000| Untracked 
|  73|0x0000000705300000, 0x0000000705300000, 0x0000000705400000|  0%| F|  |TAMS 0x0000000705300000, 0x0000000705300000| Untracked 
|  74|0x0000000705400000, 0x0000000705400000, 0x0000000705500000|  0%| F|  |TAMS 0x0000000705400000, 0x0000000705400000| Untracked 
|  75|0x0000000705500000, 0x0000000705500000, 0x0000000705600000|  0%| F|  |TAMS 0x0000000705500000, 0x0000000705500000| Untracked 
|  76|0x0000000705600000, 0x0000000705600000, 0x0000000705700000|  0%| F|  |TAMS 0x0000000705600000, 0x0000000705600000| Untracked 
|  77|0x0000000705700000, 0x0000000705700000, 0x0000000705800000|  0%| F|  |TAMS 0x0000000705700000, 0x0000000705700000| Untracked 
|  78|0x0000000705800000, 0x0000000705800000, 0x0000000705900000|  0%| F|  |TAMS 0x0000000705800000, 0x0000000705800000| Untracked 
|  79|0x0000000705900000, 0x0000000705900000, 0x0000000705a00000|  0%| F|  |TAMS 0x0000000705900000, 0x0000000705900000| Untracked 
|  80|0x0000000705a00000, 0x0000000705a00000, 0x0000000705b00000|  0%| F|  |TAMS 0x0000000705a00000, 0x0000000705a00000| Untracked 
|  81|0x0000000705b00000, 0x0000000705b00000, 0x0000000705c00000|  0%| F|  |TAMS 0x0000000705b00000, 0x0000000705b00000| Untracked 
|  82|0x0000000705c00000, 0x0000000705c00000, 0x0000000705d00000|  0%| F|  |TAMS 0x0000000705c00000, 0x0000000705c00000| Untracked 
|  83|0x0000000705d00000, 0x0000000705d00000, 0x0000000705e00000|  0%| F|  |TAMS 0x0000000705d00000, 0x0000000705d00000| Untracked 
|  84|0x0000000705e00000, 0x0000000705e00000, 0x0000000705f00000|  0%| F|  |TAMS 0x0000000705e00000, 0x0000000705e00000| Untracked 
|  85|0x0000000705f00000, 0x0000000705f00000, 0x0000000706000000|  0%| F|  |TAMS 0x0000000705f00000, 0x0000000705f00000| Untracked 
|  86|0x0000000706000000, 0x0000000706000000, 0x0000000706100000|  0%| F|  |TAMS 0x0000000706000000, 0x0000000706000000| Untracked 
|  87|0x0000000706100000, 0x0000000706100000, 0x0000000706200000|  0%| F|  |TAMS 0x0000000706100000, 0x0000000706100000| Untracked 
|  88|0x0000000706200000, 0x0000000706200000, 0x0000000706300000|  0%| F|  |TAMS 0x0000000706200000, 0x0000000706200000| Untracked 
|  89|0x0000000706300000, 0x0000000706300000, 0x0000000706400000|  0%| F|  |TAMS 0x0000000706300000, 0x0000000706300000| Untracked 
|  90|0x0000000706400000, 0x0000000706400000, 0x0000000706500000|  0%| F|  |TAMS 0x0000000706400000, 0x0000000706400000| Untracked 
|  91|0x0000000706500000, 0x0000000706500000, 0x0000000706600000|  0%| F|  |TAMS 0x0000000706500000, 0x0000000706500000| Untracked 
|  92|0x0000000706600000, 0x0000000706600000, 0x0000000706700000|  0%| F|  |TAMS 0x0000000706600000, 0x0000000706600000| Untracked 
|  93|0x0000000706700000, 0x0000000706700000, 0x0000000706800000|  0%| F|  |TAMS 0x0000000706700000, 0x0000000706700000| Untracked 
|  94|0x0000000706800000, 0x0000000706800000, 0x0000000706900000|  0%| F|  |TAMS 0x0000000706800000, 0x0000000706800000| Untracked 
|  95|0x0000000706900000, 0x0000000706900000, 0x0000000706a00000|  0%| F|  |TAMS 0x0000000706900000, 0x0000000706900000| Untracked 
|  96|0x0000000706a00000, 0x0000000706a00000, 0x0000000706b00000|  0%| F|  |TAMS 0x0000000706a00000, 0x0000000706a00000| Untracked 
|  97|0x0000000706b00000, 0x0000000706b00000, 0x0000000706c00000|  0%| F|  |TAMS 0x0000000706b00000, 0x0000000706b00000| Untracked 
|  98|0x0000000706c00000, 0x0000000706c00000, 0x0000000706d00000|  0%| F|  |TAMS 0x0000000706c00000, 0x0000000706c00000| Untracked 
|  99|0x0000000706d00000, 0x0000000706d00000, 0x0000000706e00000|  0%| F|  |TAMS 0x0000000706d00000, 0x0000000706d00000| Untracked 
| 100|0x0000000706e00000, 0x0000000706e00000, 0x0000000706f00000|  0%| F|  |TAMS 0x0000000706e00000, 0x0000000706e00000| Untracked 
| 101|0x0000000706f00000, 0x0000000706f00000, 0x0000000707000000|  0%| F|  |TAMS 0x0000000706f00000, 0x0000000706f00000| Untracked 
| 102|0x0000000707000000, 0x0000000707000000, 0x0000000707100000|  0%| F|  |TAMS 0x0000000707000000, 0x0000000707000000| Untracked 
| 103|0x0000000707100000, 0x0000000707100810, 0x0000000707200000|  0%| S|CS|TAMS 0x0000000707100000, 0x0000000707100000| Complete 
| 104|0x0000000707200000, 0x0000000707200000, 0x0000000707300000|  0%| F|  |TAMS 0x0000000707200000, 0x0000000707200000| Untracked 
| 105|0x0000000707300000, 0x0000000707300000, 0x0000000707400000|  0%| F|  |TAMS 0x0000000707300000, 0x0000000707300000| Untracked 
| 106|0x0000000707400000, 0x0000000707400000, 0x0000000707500000|  0%| F|  |TAMS 0x0000000707400000, 0x0000000707400000| Untracked 
| 107|0x0000000707500000, 0x0000000707500000, 0x0000000707600000|  0%| F|  |TAMS 0x0000000707500000, 0x0000000707500000| Untracked 
| 108|0x0000000707600000, 0x0000000707600000, 0x0000000707700000|  0%| F|  |TAMS 0x0000000707600000, 0x0000000707600000| Untracked 
| 109|0x0000000707700000, 0x0000000707700000, 0x0000000707800000|  0%| F|  |TAMS 0x0000000707700000, 0x0000000707700000| Untracked 
| 110|0x0000000707800000, 0x0000000707800000, 0x0000000707900000|  0%| F|  |TAMS 0x0000000707800000, 0x0000000707800000| Untracked 
| 111|0x0000000707900000, 0x0000000707900000, 0x0000000707a00000|  0%| F|  |TAMS 0x0000000707900000, 0x0000000707900000| Untracked 
| 112|0x0000000707a00000, 0x0000000707a00000, 0x0000000707b00000|  0%| F|  |TAMS 0x0000000707a00000, 0x0000000707a00000| Untracked 
| 113|0x0000000707b00000, 0x0000000707b00000, 0x0000000707c00000|  0%| F|  |TAMS 0x0000000707b00000, 0x0000000707b00000| Untracked 
| 114|0x0000000707c00000, 0x0000000707c00000, 0x0000000707d00000|  0%| F|  |TAMS 0x0000000707c00000, 0x0000000707c00000| Untracked 
| 115|0x0000000707d00000, 0x0000000707d00000, 0x0000000707e00000|  0%| F|  |TAMS 0x0000000707d00000, 0x0000000707d00000| Untracked 
| 116|0x0000000707e00000, 0x0000000707e00000, 0x0000000707f00000|  0%| F|  |TAMS 0x0000000707e00000, 0x0000000707e00000| Untracked 
| 117|0x0000000707f00000, 0x0000000707f00000, 0x0000000708000000|  0%| F|  |TAMS 0x0000000707f00000, 0x0000000707f00000| Untracked 
| 118|0x0000000708000000, 0x0000000708000000, 0x0000000708100000|  0%| F|  |TAMS 0x0000000708000000, 0x0000000708000000| Untracked 
| 119|0x0000000708100000, 0x0000000708100000, 0x0000000708200000|  0%| F|  |TAMS 0x0000000708100000, 0x0000000708100000| Untracked 
| 120|0x0000000708200000, 0x0000000708200000, 0x0000000708300000|  0%| F|  |TAMS 0x0000000708200000, 0x0000000708200000| Untracked 
| 121|0x0000000708300000, 0x0000000708300000, 0x0000000708400000|  0%| F|  |TAMS 0x0000000708300000, 0x0000000708300000| Untracked 
| 122|0x0000000708400000, 0x0000000708400000, 0x0000000708500000|  0%| F|  |TAMS 0x0000000708400000, 0x0000000708400000| Untracked 
| 123|0x0000000708500000, 0x0000000708500000, 0x0000000708600000|  0%| F|  |TAMS 0x0000000708500000, 0x0000000708500000| Untracked 
| 124|0x0000000708600000, 0x0000000708600000, 0x0000000708700000|  0%| F|  |TAMS 0x0000000708600000, 0x0000000708600000| Untracked 
| 125|0x0000000708700000, 0x0000000708789908, 0x0000000708800000| 53%| E|  |TAMS 0x0000000708700000, 0x0000000708700000| Complete 
| 126|0x0000000708800000, 0x0000000708900000, 0x0000000708900000|100%| E|CS|TAMS 0x0000000708800000, 0x0000000708800000| Complete 
| 127|0x0000000708900000, 0x0000000708a00000, 0x0000000708a00000|100%| E|CS|TAMS 0x0000000708900000, 0x0000000708900000| Complete 
| 128|0x0000000708a00000, 0x0000000708b00000, 0x0000000708b00000|100%| E|CS|TAMS 0x0000000708a00000, 0x0000000708a00000| Complete 
| 129|0x0000000708b00000, 0x0000000708c00000, 0x0000000708c00000|100%| E|CS|TAMS 0x0000000708b00000, 0x0000000708b00000| Complete 
| 130|0x0000000708c00000, 0x0000000708d00000, 0x0000000708d00000|100%| E|CS|TAMS 0x0000000708c00000, 0x0000000708c00000| Complete 
| 131|0x0000000708d00000, 0x0000000708e00000, 0x0000000708e00000|100%| E|CS|TAMS 0x0000000708d00000, 0x0000000708d00000| Complete 
| 132|0x0000000708e00000, 0x0000000708f00000, 0x0000000708f00000|100%| E|CS|TAMS 0x0000000708e00000, 0x0000000708e00000| Complete 
| 133|0x0000000708f00000, 0x0000000709000000, 0x0000000709000000|100%| E|CS|TAMS 0x0000000708f00000, 0x0000000708f00000| Complete 
| 134|0x0000000709000000, 0x0000000709100000, 0x0000000709100000|100%| E|CS|TAMS 0x0000000709000000, 0x0000000709000000| Complete 
| 135|0x0000000709100000, 0x0000000709200000, 0x0000000709200000|100%| E|CS|TAMS 0x0000000709100000, 0x0000000709100000| Complete 
| 136|0x0000000709200000, 0x0000000709300000, 0x0000000709300000|100%| E|CS|TAMS 0x0000000709200000, 0x0000000709200000| Complete 
| 137|0x0000000709300000, 0x0000000709400000, 0x0000000709400000|100%| E|CS|TAMS 0x0000000709300000, 0x0000000709300000| Complete 
| 138|0x0000000709400000, 0x0000000709500000, 0x0000000709500000|100%| E|CS|TAMS 0x0000000709400000, 0x0000000709400000| Complete 
| 139|0x0000000709500000, 0x0000000709600000, 0x0000000709600000|100%| E|CS|TAMS 0x0000000709500000, 0x0000000709500000| Complete 
| 140|0x0000000709600000, 0x0000000709700000, 0x0000000709700000|100%| E|CS|TAMS 0x0000000709600000, 0x0000000709600000| Complete 
| 141|0x0000000709700000, 0x0000000709800000, 0x0000000709800000|100%| E|CS|TAMS 0x0000000709700000, 0x0000000709700000| Complete 
| 142|0x0000000709800000, 0x0000000709900000, 0x0000000709900000|100%| E|CS|TAMS 0x0000000709800000, 0x0000000709800000| Complete 
| 143|0x0000000709900000, 0x0000000709a00000, 0x0000000709a00000|100%| E|CS|TAMS 0x0000000709900000, 0x0000000709900000| Complete 
| 144|0x0000000709a00000, 0x0000000709b00000, 0x0000000709b00000|100%| E|CS|TAMS 0x0000000709a00000, 0x0000000709a00000| Complete 
| 145|0x0000000709b00000, 0x0000000709c00000, 0x0000000709c00000|100%| E|CS|TAMS 0x0000000709b00000, 0x0000000709b00000| Complete 
| 146|0x0000000709c00000, 0x0000000709d00000, 0x0000000709d00000|100%| E|CS|TAMS 0x0000000709c00000, 0x0000000709c00000| Complete 
| 147|0x0000000709d00000, 0x0000000709e00000, 0x0000000709e00000|100%| E|CS|TAMS 0x0000000709d00000, 0x0000000709d00000| Complete 
| 148|0x0000000709e00000, 0x0000000709f00000, 0x0000000709f00000|100%| E|CS|TAMS 0x0000000709e00000, 0x0000000709e00000| Complete 
| 149|0x0000000709f00000, 0x000000070a000000, 0x000000070a000000|100%| E|CS|TAMS 0x0000000709f00000, 0x0000000709f00000| Complete 
| 150|0x000000070a000000, 0x000000070a100000, 0x000000070a100000|100%| E|CS|TAMS 0x000000070a000000, 0x000000070a000000| Complete 
| 151|0x000000070a100000, 0x000000070a200000, 0x000000070a200000|100%| E|CS|TAMS 0x000000070a100000, 0x000000070a100000| Complete 
| 152|0x000000070a200000, 0x000000070a300000, 0x000000070a300000|100%| E|CS|TAMS 0x000000070a200000, 0x000000070a200000| Complete 
| 153|0x000000070a300000, 0x000000070a400000, 0x000000070a400000|100%| E|CS|TAMS 0x000000070a300000, 0x000000070a300000| Complete 
| 154|0x000000070a400000, 0x000000070a500000, 0x000000070a500000|100%| E|CS|TAMS 0x000000070a400000, 0x000000070a400000| Complete 
| 155|0x000000070a500000, 0x000000070a600000, 0x000000070a600000|100%| E|CS|TAMS 0x000000070a500000, 0x000000070a500000| Complete 
| 156|0x000000070a600000, 0x000000070a700000, 0x000000070a700000|100%| E|CS|TAMS 0x000000070a600000, 0x000000070a600000| Complete 
| 157|0x000000070a700000, 0x000000070a800000, 0x000000070a800000|100%| E|CS|TAMS 0x000000070a700000, 0x000000070a700000| Complete 
| 158|0x000000070a800000, 0x000000070a900000, 0x000000070a900000|100%| E|CS|TAMS 0x000000070a800000, 0x000000070a800000| Complete 
| 159|0x000000070a900000, 0x000000070aa00000, 0x000000070aa00000|100%| E|CS|TAMS 0x000000070a900000, 0x000000070a900000| Complete 
| 160|0x000000070aa00000, 0x000000070ab00000, 0x000000070ab00000|100%| E|CS|TAMS 0x000000070aa00000, 0x000000070aa00000| Complete 
| 161|0x000000070ab00000, 0x000000070ac00000, 0x000000070ac00000|100%| E|CS|TAMS 0x000000070ab00000, 0x000000070ab00000| Complete 
| 162|0x000000070ac00000, 0x000000070ad00000, 0x000000070ad00000|100%| E|CS|TAMS 0x000000070ac00000, 0x000000070ac00000| Complete 
| 163|0x000000070ad00000, 0x000000070ae00000, 0x000000070ae00000|100%| E|CS|TAMS 0x000000070ad00000, 0x000000070ad00000| Complete 
| 164|0x000000070ae00000, 0x000000070af00000, 0x000000070af00000|100%| E|CS|TAMS 0x000000070ae00000, 0x000000070ae00000| Complete 
| 165|0x000000070af00000, 0x000000070b000000, 0x000000070b000000|100%| E|CS|TAMS 0x000000070af00000, 0x000000070af00000| Complete 
| 166|0x000000070b000000, 0x000000070b100000, 0x000000070b100000|100%| E|CS|TAMS 0x000000070b000000, 0x000000070b000000| Complete 
| 167|0x000000070b100000, 0x000000070b200000, 0x000000070b200000|100%| E|CS|TAMS 0x000000070b100000, 0x000000070b100000| Complete 
| 168|0x000000070b200000, 0x000000070b300000, 0x000000070b300000|100%| E|CS|TAMS 0x000000070b200000, 0x000000070b200000| Complete 
| 169|0x000000070b300000, 0x000000070b400000, 0x000000070b400000|100%| E|CS|TAMS 0x000000070b300000, 0x000000070b300000| Complete 
| 170|0x000000070b400000, 0x000000070b500000, 0x000000070b500000|100%| E|CS|TAMS 0x000000070b400000, 0x000000070b400000| Complete 
| 171|0x000000070b500000, 0x000000070b600000, 0x000000070b600000|100%| E|CS|TAMS 0x000000070b500000, 0x000000070b500000| Complete 
| 172|0x000000070b600000, 0x000000070b700000, 0x000000070b700000|100%| E|CS|TAMS 0x000000070b600000, 0x000000070b600000| Complete 
| 173|0x000000070b700000, 0x000000070b800000, 0x000000070b800000|100%| E|CS|TAMS 0x000000070b700000, 0x000000070b700000| Complete 
| 174|0x000000070b800000, 0x000000070b900000, 0x000000070b900000|100%| E|CS|TAMS 0x000000070b800000, 0x000000070b800000| Complete 
| 175|0x000000070b900000, 0x000000070ba00000, 0x000000070ba00000|100%| E|CS|TAMS 0x000000070b900000, 0x000000070b900000| Complete 
| 176|0x000000070ba00000, 0x000000070bb00000, 0x000000070bb00000|100%| E|CS|TAMS 0x000000070ba00000, 0x000000070ba00000| Complete 
| 177|0x000000070bb00000, 0x000000070bc00000, 0x000000070bc00000|100%| E|CS|TAMS 0x000000070bb00000, 0x000000070bb00000| Complete 
| 178|0x000000070bc00000, 0x000000070bd00000, 0x000000070bd00000|100%| E|CS|TAMS 0x000000070bc00000, 0x000000070bc00000| Complete 
| 179|0x000000070bd00000, 0x000000070be00000, 0x000000070be00000|100%| E|CS|TAMS 0x000000070bd00000, 0x000000070bd00000| Complete 
| 180|0x000000070be00000, 0x000000070bf00000, 0x000000070bf00000|100%| E|CS|TAMS 0x000000070be00000, 0x000000070be00000| Complete 
| 181|0x000000070bf00000, 0x000000070c000000, 0x000000070c000000|100%| E|CS|TAMS 0x000000070bf00000, 0x000000070bf00000| Complete 
| 182|0x000000070c000000, 0x000000070c100000, 0x000000070c100000|100%| E|CS|TAMS 0x000000070c000000, 0x000000070c000000| Complete 
| 183|0x000000070c100000, 0x000000070c200000, 0x000000070c200000|100%| E|CS|TAMS 0x000000070c100000, 0x000000070c100000| Complete 
| 184|0x000000070c200000, 0x000000070c300000, 0x000000070c300000|100%| E|CS|TAMS 0x000000070c200000, 0x000000070c200000| Complete 
| 185|0x000000070c300000, 0x000000070c400000, 0x000000070c400000|100%| E|CS|TAMS 0x000000070c300000, 0x000000070c300000| Complete 
| 186|0x000000070c400000, 0x000000070c500000, 0x000000070c500000|100%| E|CS|TAMS 0x000000070c400000, 0x000000070c400000| Complete 
| 187|0x000000070c500000, 0x000000070c600000, 0x000000070c600000|100%| E|CS|TAMS 0x000000070c500000, 0x000000070c500000| Complete 
| 188|0x000000070c600000, 0x000000070c700000, 0x000000070c700000|100%| E|CS|TAMS 0x000000070c600000, 0x000000070c600000| Complete 
| 189|0x000000070c700000, 0x000000070c800000, 0x000000070c800000|100%| E|CS|TAMS 0x000000070c700000, 0x000000070c700000| Complete 
| 190|0x000000070c800000, 0x000000070c900000, 0x000000070c900000|100%| E|CS|TAMS 0x000000070c800000, 0x000000070c800000| Complete 
| 191|0x000000070c900000, 0x000000070ca00000, 0x000000070ca00000|100%| E|CS|TAMS 0x000000070c900000, 0x000000070c900000| Complete 
| 192|0x000000070ca00000, 0x000000070cb00000, 0x000000070cb00000|100%| E|CS|TAMS 0x000000070ca00000, 0x000000070ca00000| Complete 
| 193|0x000000070cb00000, 0x000000070cc00000, 0x000000070cc00000|100%| E|CS|TAMS 0x000000070cb00000, 0x000000070cb00000| Complete 
| 194|0x000000070cc00000, 0x000000070cd00000, 0x000000070cd00000|100%| E|CS|TAMS 0x000000070cc00000, 0x000000070cc00000| Complete 
| 195|0x000000070cd00000, 0x000000070ce00000, 0x000000070ce00000|100%| E|CS|TAMS 0x000000070cd00000, 0x000000070cd00000| Complete 
| 196|0x000000070ce00000, 0x000000070cf00000, 0x000000070cf00000|100%| E|CS|TAMS 0x000000070ce00000, 0x000000070ce00000| Complete 
| 197|0x000000070cf00000, 0x000000070d000000, 0x000000070d000000|100%| E|CS|TAMS 0x000000070cf00000, 0x000000070cf00000| Complete 
| 198|0x000000070d000000, 0x000000070d100000, 0x000000070d100000|100%| E|CS|TAMS 0x000000070d000000, 0x000000070d000000| Complete 
| 199|0x000000070d100000, 0x000000070d200000, 0x000000070d200000|100%| E|CS|TAMS 0x000000070d100000, 0x000000070d100000| Complete 
| 200|0x000000070d200000, 0x000000070d300000, 0x000000070d300000|100%| E|CS|TAMS 0x000000070d200000, 0x000000070d200000| Complete 
| 201|0x000000070d300000, 0x000000070d400000, 0x000000070d400000|100%| E|CS|TAMS 0x000000070d300000, 0x000000070d300000| Complete 
| 202|0x000000070d400000, 0x000000070d500000, 0x000000070d500000|100%| E|CS|TAMS 0x000000070d400000, 0x000000070d400000| Complete 
| 203|0x000000070d500000, 0x000000070d600000, 0x000000070d600000|100%| E|CS|TAMS 0x000000070d500000, 0x000000070d500000| Complete 
| 204|0x000000070d600000, 0x000000070d700000, 0x000000070d700000|100%| E|CS|TAMS 0x000000070d600000, 0x000000070d600000| Complete 
| 205|0x000000070d700000, 0x000000070d800000, 0x000000070d800000|100%| E|CS|TAMS 0x000000070d700000, 0x000000070d700000| Complete 
| 206|0x000000070d800000, 0x000000070d900000, 0x000000070d900000|100%| E|CS|TAMS 0x000000070d800000, 0x000000070d800000| Complete 
| 207|0x000000070d900000, 0x000000070da00000, 0x000000070da00000|100%| E|CS|TAMS 0x000000070d900000, 0x000000070d900000| Complete 
| 208|0x000000070da00000, 0x000000070db00000, 0x000000070db00000|100%| E|CS|TAMS 0x000000070da00000, 0x000000070da00000| Complete 
| 209|0x000000070db00000, 0x000000070dc00000, 0x000000070dc00000|100%| E|CS|TAMS 0x000000070db00000, 0x000000070db00000| Complete 
| 210|0x000000070dc00000, 0x000000070dd00000, 0x000000070dd00000|100%| E|CS|TAMS 0x000000070dc00000, 0x000000070dc00000| Complete 
| 211|0x000000070dd00000, 0x000000070de00000, 0x000000070de00000|100%| E|CS|TAMS 0x000000070dd00000, 0x000000070dd00000| Complete 
| 212|0x000000070de00000, 0x000000070df00000, 0x000000070df00000|100%| E|CS|TAMS 0x000000070de00000, 0x000000070de00000| Complete 
| 213|0x000000070df00000, 0x000000070e000000, 0x000000070e000000|100%| E|CS|TAMS 0x000000070df00000, 0x000000070df00000| Complete 
| 214|0x000000070e000000, 0x000000070e100000, 0x000000070e100000|100%| E|CS|TAMS 0x000000070e000000, 0x000000070e000000| Complete 
| 215|0x000000070e100000, 0x000000070e200000, 0x000000070e200000|100%| E|CS|TAMS 0x000000070e100000, 0x000000070e100000| Complete 
| 216|0x000000070e200000, 0x000000070e300000, 0x000000070e300000|100%| E|CS|TAMS 0x000000070e200000, 0x000000070e200000| Complete 
| 217|0x000000070e300000, 0x000000070e400000, 0x000000070e400000|100%| E|CS|TAMS 0x000000070e300000, 0x000000070e300000| Complete 
| 218|0x000000070e400000, 0x000000070e500000, 0x000000070e500000|100%| E|CS|TAMS 0x000000070e400000, 0x000000070e400000| Complete 
| 219|0x000000070e500000, 0x000000070e600000, 0x000000070e600000|100%| E|CS|TAMS 0x000000070e500000, 0x000000070e500000| Complete 
| 220|0x000000070e600000, 0x000000070e700000, 0x000000070e700000|100%| E|CS|TAMS 0x000000070e600000, 0x000000070e600000| Complete 
| 221|0x000000070e700000, 0x000000070e800000, 0x000000070e800000|100%| E|CS|TAMS 0x000000070e700000, 0x000000070e700000| Complete 
| 222|0x000000070e800000, 0x000000070e900000, 0x000000070e900000|100%| E|CS|TAMS 0x000000070e800000, 0x000000070e800000| Complete 
| 223|0x000000070e900000, 0x000000070ea00000, 0x000000070ea00000|100%| E|CS|TAMS 0x000000070e900000, 0x000000070e900000| Complete 
| 224|0x000000070ea00000, 0x000000070eb00000, 0x000000070eb00000|100%| E|CS|TAMS 0x000000070ea00000, 0x000000070ea00000| Complete 
| 225|0x000000070eb00000, 0x000000070ec00000, 0x000000070ec00000|100%| E|CS|TAMS 0x000000070eb00000, 0x000000070eb00000| Complete 
| 226|0x000000070ec00000, 0x000000070ed00000, 0x000000070ed00000|100%| E|CS|TAMS 0x000000070ec00000, 0x000000070ec00000| Complete 
| 227|0x000000070ed00000, 0x000000070ee00000, 0x000000070ee00000|100%| E|CS|TAMS 0x000000070ed00000, 0x000000070ed00000| Complete 
| 228|0x000000070ee00000, 0x000000070ef00000, 0x000000070ef00000|100%| E|CS|TAMS 0x000000070ee00000, 0x000000070ee00000| Complete 
| 229|0x000000070ef00000, 0x000000070f000000, 0x000000070f000000|100%| E|CS|TAMS 0x000000070ef00000, 0x000000070ef00000| Complete 
| 230|0x000000070f000000, 0x000000070f100000, 0x000000070f100000|100%| E|CS|TAMS 0x000000070f000000, 0x000000070f000000| Complete 
| 231|0x000000070f100000, 0x000000070f200000, 0x000000070f200000|100%| E|CS|TAMS 0x000000070f100000, 0x000000070f100000| Complete 
| 232|0x000000070f200000, 0x000000070f300000, 0x000000070f300000|100%| E|CS|TAMS 0x000000070f200000, 0x000000070f200000| Complete 
| 233|0x000000070f300000, 0x000000070f400000, 0x000000070f400000|100%| E|CS|TAMS 0x000000070f300000, 0x000000070f300000| Complete 
| 234|0x000000070f400000, 0x000000070f500000, 0x000000070f500000|100%| E|CS|TAMS 0x000000070f400000, 0x000000070f400000| Complete 
| 235|0x000000070f500000, 0x000000070f600000, 0x000000070f600000|100%| E|CS|TAMS 0x000000070f500000, 0x000000070f500000| Complete 
| 236|0x000000070f600000, 0x000000070f700000, 0x000000070f700000|100%| E|CS|TAMS 0x000000070f600000, 0x000000070f600000| Complete 
| 237|0x000000070f700000, 0x000000070f800000, 0x000000070f800000|100%| E|CS|TAMS 0x000000070f700000, 0x000000070f700000| Complete 
| 238|0x000000070f800000, 0x000000070f900000, 0x000000070f900000|100%| E|CS|TAMS 0x000000070f800000, 0x000000070f800000| Complete 
| 239|0x000000070f900000, 0x000000070fa00000, 0x000000070fa00000|100%| E|CS|TAMS 0x000000070f900000, 0x000000070f900000| Complete 
| 240|0x000000070fa00000, 0x000000070fb00000, 0x000000070fb00000|100%| E|CS|TAMS 0x000000070fa00000, 0x000000070fa00000| Complete 
| 241|0x000000070fb00000, 0x000000070fc00000, 0x000000070fc00000|100%| E|CS|TAMS 0x000000070fb00000, 0x000000070fb00000| Complete 
| 242|0x000000070fc00000, 0x000000070fd00000, 0x000000070fd00000|100%| E|CS|TAMS 0x000000070fc00000, 0x000000070fc00000| Complete 
| 243|0x000000070fd00000, 0x000000070fe00000, 0x000000070fe00000|100%| E|CS|TAMS 0x000000070fd00000, 0x000000070fd00000| Complete 
| 244|0x000000070fe00000, 0x000000070ff00000, 0x000000070ff00000|100%| E|CS|TAMS 0x000000070fe00000, 0x000000070fe00000| Complete 
| 245|0x000000070ff00000, 0x0000000710000000, 0x0000000710000000|100%| E|CS|TAMS 0x000000070ff00000, 0x000000070ff00000| Complete 
| 246|0x0000000710000000, 0x0000000710100000, 0x0000000710100000|100%| E|CS|TAMS 0x0000000710000000, 0x0000000710000000| Complete 
| 247|0x0000000710100000, 0x0000000710200000, 0x0000000710200000|100%| E|CS|TAMS 0x0000000710100000, 0x0000000710100000| Complete 
| 248|0x0000000710200000, 0x0000000710300000, 0x0000000710300000|100%| E|CS|TAMS 0x0000000710200000, 0x0000000710200000| Complete 
| 249|0x0000000710300000, 0x0000000710400000, 0x0000000710400000|100%| E|CS|TAMS 0x0000000710300000, 0x0000000710300000| Complete 
| 250|0x0000000710400000, 0x0000000710500000, 0x0000000710500000|100%| E|CS|TAMS 0x0000000710400000, 0x0000000710400000| Complete 
| 251|0x0000000710500000, 0x0000000710600000, 0x0000000710600000|100%| E|CS|TAMS 0x0000000710500000, 0x0000000710500000| Complete 
| 252|0x0000000710600000, 0x0000000710700000, 0x0000000710700000|100%| E|CS|TAMS 0x0000000710600000, 0x0000000710600000| Complete 
| 253|0x0000000710700000, 0x0000000710800000, 0x0000000710800000|100%| E|CS|TAMS 0x0000000710700000, 0x0000000710700000| Complete 
| 254|0x0000000710800000, 0x0000000710900000, 0x0000000710900000|100%| E|CS|TAMS 0x0000000710800000, 0x0000000710800000| Complete 
| 255|0x0000000710900000, 0x0000000710a00000, 0x0000000710a00000|100%| E|CS|TAMS 0x0000000710900000, 0x0000000710900000| Complete 

Card table byte_map: [0x000001df514c0000,0x000001df51cc0000] _byte_map_base: 0x000001df4dcbb000

Marking Bits (Prev, Next): (CMBitMap*) 0x000001df39a1ee28, (CMBitMap*) 0x000001df39a1ee60
 Prev Bits: [0x000001df524c0000, 0x000001df56498000)
 Next Bits: [0x000001df564a0000, 0x000001df5a478000)

Polling page: 0x000001df37880000

Metaspace:

Usage:
  Non-class:      8.60 MB capacity,     8.49 MB ( 99%) used,   104.18 KB (  1%) free+waste,     7.63 KB ( <1%) overhead. 
      Class:    795.00 KB capacity,   712.54 KB ( 90%) used,    79.34 KB ( 10%) free+waste,     3.13 KB ( <1%) overhead. 
       Both:      9.38 MB capacity,     9.19 MB ( 98%) used,   183.52 KB (  2%) free+waste,    10.75 KB ( <1%) overhead. 

Virtual space:
  Non-class space:       10.00 MB reserved,       8.75 MB ( 88%) committed 
      Class space:        1.00 GB reserved,     896.00 KB ( <1%) committed 
             Both:        1.01 GB reserved,       9.63 MB ( <1%) committed 

Chunk freelists:
   Non-Class:  3.13 KB
       Class:  640 bytes
        Both:  3.75 KB

CodeHeap 'non-profiled nmethods': size=120064Kb used=167Kb max_used=167Kb free=119896Kb
 bounds [0x000001df49780000, 0x000001df499f0000, 0x000001df50cc0000]
CodeHeap 'profiled nmethods': size=120000Kb used=680Kb max_used=732Kb free=119319Kb
 bounds [0x000001df42250000, 0x000001df424c0000, 0x000001df49780000]
CodeHeap 'non-nmethods': size=5696Kb used=1152Kb max_used=1170Kb free=4543Kb
 bounds [0x000001df41cc0000, 0x000001df41f30000, 0x000001df42250000]
 total_blobs=951 nmethods=431 adapters=277
 compilation: enabled
              stopped_count=0, restarted_count=0
 full_count=0

Compilation events (10 events):
Event: 462.166 Thread 0x000001df5d2a1000  465       4       day13.Day13::solvePart2 (571 bytes)
Event: 462.241 Thread 0x000001df5d2a1000 nmethod 465 0x000001df497a7f90 code [0x000001df497a8300, 0x000001df497a9e18]
Event: 554.979 Thread 0x000001df5d248000  466       3       java.lang.String::toString (2 bytes)
Event: 554.979 Thread 0x000001df5d248000 nmethod 466 0x000001df42250290 code [0x000001df42250440, 0x000001df42250598]
Event: 554.981 Thread 0x000001df5d248000  467       3       java.lang.StringBuilder::append (9 bytes)
Event: 554.981 Thread 0x000001df5d248000 nmethod 467 0x000001df42259490 code [0x000001df42259680, 0x000001df42259a20]
Event: 581.379 Thread 0x000001df5d248000  469       3       java.lang.Long::toString (8 bytes)
Event: 581.379 Thread 0x000001df5d248000 nmethod 469 0x000001df42251d10 code [0x000001df42251ec0, 0x000001df42252050]
Event: 581.379 Thread 0x000001df5d248000  470       3       java.lang.Long::toString (55 bytes)
Event: 581.379 Thread 0x000001df5d248000 nmethod 470 0x000001df42258d10 code [0x000001df42258f00, 0x000001df42259300]

GC Heap History (10 events):
Event: 2769.372 GC heap before
{Heap before GC invocations=1439 (full 0):
 garbage-first heap   total 262144K, used 157755K [0x0000000700a00000, 0x0000000800000000)
  region size 1024K, 153 young (156672K), 1 survivors (1024K)
 Metaspace       used 9292K, capacity 9442K, committed 9472K, reserved 1058816K
  class space    used 707K, capacity 763K, committed 768K, reserved 1048576K
}
Event: 2769.373 GC heap after
{Heap after GC invocations=1440 (full 0):
 garbage-first heap   total 262144K, used 2107K [0x0000000700a00000, 0x0000000800000000)
  region size 1024K, 1 young (1024K), 1 survivors (1024K)
 Metaspace       used 9292K, capacity 9442K, committed 9472K, reserved 1058816K
  class space    used 707K, capacity 763K, committed 768K, reserved 1048576K
}
Event: 2827.196 GC heap before
{Heap before GC invocations=1440 (full 0):
 garbage-first heap   total 262144K, used 157755K [0x0000000700a00000, 0x0000000800000000)
  region size 1024K, 153 young (156672K), 1 survivors (1024K)
 Metaspace       used 9292K, capacity 9442K, committed 9472K, reserved 1058816K
  class space    used 707K, capacity 763K, committed 768K, reserved 1048576K
}
Event: 2827.197 GC heap after
{Heap after GC invocations=1441 (full 0):
 garbage-first heap   total 262144K, used 2107K [0x0000000700a00000, 0x0000000800000000)
  region size 1024K, 1 young (1024K), 1 survivors (1024K)
 Metaspace       used 9292K, capacity 9442K, committed 9472K, reserved 1058816K
  class space    used 707K, capacity 763K, committed 768K, reserved 1048576K
}
Event: 2893.150 GC heap before
{Heap before GC invocations=1441 (full 0):
 garbage-first heap   total 262144K, used 157755K [0x0000000700a00000, 0x0000000800000000)
  region size 1024K, 153 young (156672K), 1 survivors (1024K)
 Metaspace       used 9320K, capacity 9442K, committed 9472K, reserved 1058816K
  class space    used 708K, capacity 763K, committed 768K, reserved 1048576K
}
Event: 2893.150 GC heap after
{Heap after GC invocations=1442 (full 0):
 garbage-first heap   total 262144K, used 2107K [0x0000000700a00000, 0x0000000800000000)
  region size 1024K, 1 young (1024K), 1 survivors (1024K)
 Metaspace       used 9320K, capacity 9442K, committed 9472K, reserved 1058816K
  class space    used 708K, capacity 763K, committed 768K, reserved 1048576K
}
Event: 2953.789 GC heap before
{Heap before GC invocations=1442 (full 0):
 garbage-first heap   total 262144K, used 157755K [0x0000000700a00000, 0x0000000800000000)
  region size 1024K, 153 young (156672K), 1 survivors (1024K)
 Metaspace       used 9320K, capacity 9442K, committed 9472K, reserved 1058816K
  class space    used 708K, capacity 763K, committed 768K, reserved 1048576K
}
Event: 2953.789 GC heap after
{Heap after GC invocations=1443 (full 0):
 garbage-first heap   total 262144K, used 2107K [0x0000000700a00000, 0x0000000800000000)
  region size 1024K, 1 young (1024K), 1 survivors (1024K)
 Metaspace       used 9320K, capacity 9442K, committed 9472K, reserved 1058816K
  class space    used 708K, capacity 763K, committed 768K, reserved 1048576K
}
Event: 3012.287 GC heap before
{Heap before GC invocations=1443 (full 0):
 garbage-first heap   total 262144K, used 157755K [0x0000000700a00000, 0x0000000800000000)
  region size 1024K, 153 young (156672K), 1 survivors (1024K)
 Metaspace       used 9320K, capacity 9442K, committed 9472K, reserved 1058816K
  class space    used 708K, capacity 763K, committed 768K, reserved 1048576K
}
Event: 3012.287 GC heap after
{Heap after GC invocations=1444 (full 0):
 garbage-first heap   total 262144K, used 2109K [0x0000000700a00000, 0x0000000800000000)
  region size 1024K, 1 young (1024K), 1 survivors (1024K)
 Metaspace       used 9320K, capacity 9442K, committed 9472K, reserved 1058816K
  class space    used 708K, capacity 763K, committed 768K, reserved 1048576K
}

Deoptimization events (6 events):
Event: 0.245 Thread 0x000001df399b9800 Uncommon trap: reason=class_check action=maybe_recompile pc=0x000001df4978e268 method=java.util.HashMap.putVal(ILjava/lang/Object;Ljava/lang/Object;ZZ)Ljava/lang/Object; @ 152 c2
Event: 0.259 Thread 0x000001df399b9800 Uncommon trap: reason=unstable_if action=reinterpret pc=0x000001df497898fc method=java.lang.String.isLatin1()Z @ 10 c2
Event: 0.262 Thread 0x000001df399b9800 Uncommon trap: reason=class_check action=maybe_recompile pc=0x000001df4978e268 method=java.util.HashMap.putVal(ILjava/lang/Object;Ljava/lang/Object;ZZ)Ljava/lang/Object; @ 152 c2
Event: 0.298 Thread 0x000001df399b9800 Uncommon trap: reason=unstable_if action=reinterpret pc=0x000001df4978f37c method=java.lang.String.isLatin1()Z @ 10 c2
Event: 0.300 Thread 0x000001df399b9800 Uncommon trap: reason=class_check action=maybe_recompile pc=0x000001df4978e268 method=java.util.HashMap.putVal(ILjava/lang/Object;Ljava/lang/Object;ZZ)Ljava/lang/Object; @ 152 c2
Event: 0.343 Thread 0x000001df399b9800 Uncommon trap: reason=class_check action=maybe_recompile pc=0x000001df4978e268 method=java.util.HashMap.putVal(ILjava/lang/Object;Ljava/lang/Object;ZZ)Ljava/lang/Object; @ 152 c2

Classes redefined (10 events):
Event: 1944.642 Thread 0x000001df5c97b800 redefined class name=day13.Day13, count=11
Event: 1944.643 Thread 0x000001df5c97b800 redefined class name=day13.Day13$solvePart1$$inlined$sortedBy$1, count=11
Event: 2880.099 Thread 0x000001df5c97b800 redefined class name=day13.Day13, count=12
Event: 2880.100 Thread 0x000001df5c97b800 redefined class name=day13.Day13$solvePart1$$inlined$sortedBy$1, count=12
Event: 3073.354 Thread 0x000001df5c97b800 redefined class name=day13.Day13, count=13
Event: 3073.354 Thread 0x000001df5c97b800 redefined class name=day13.Day13$solvePart1$$inlined$sortedBy$1, count=13
Event: 3109.621 Thread 0x000001df5c97b800 redefined class name=day13.Day13, count=14
Event: 3109.622 Thread 0x000001df5c97b800 redefined class name=day13.Day13$solvePart1$$inlined$sortedBy$1, count=14
Event: 3136.827 Thread 0x000001df5c97b800 redefined class name=day13.Day13, count=15
Event: 3136.828 Thread 0x000001df5c97b800 redefined class name=day13.Day13$solvePart1$$inlined$sortedBy$1, count=15

Internal exceptions (10 events):
Event: 4.525 Thread 0x000001df399b9800 Exception <a 'java/lang/IllegalAccessError'{0x0000000710027dd0}: class Generated_for_debugger_class tried to access private field kotlin.Pair.second (Generated_for_debugger_class is in unnamed module of loader java.net.URLClassLoader @1786dec2; kotlin.Pai
Event: 13.486 Thread 0x000001df399b9800 Exception <a 'java/lang/IllegalAccessError'{0x0000000707895930}: class Generated_for_debugger_class tried to access private field kotlin.Pair.second (Generated_for_debugger_class is in unnamed module of loader java.net.URLClassLoader @6acdbdf5; kotlin.Pai
Event: 64.357 Thread 0x000001df399b9800 Exception <a 'java/lang/IllegalAccessError'{0x000000070b33e988}: class Generated_for_debugger_class tried to access private field kotlin.Pair.second (Generated_for_debugger_class is in unnamed module of loader java.net.URLClassLoader @4d41cee; kotlin.Pair
Event: 108.848 Thread 0x000001df399b9800 Exception <a 'java/lang/IllegalAccessError'{0x000000070e1381a8}: class Generated_for_debugger_class tried to access private field kotlin.Pair.second (Generated_for_debugger_class is in unnamed module of loader java.net.URLClassLoader @33f88ab; kotlin.Pair
Event: 130.638 Thread 0x000001df399b9800 Exception <a 'java/lang/IllegalAccessError'{0x000000070e13a4f8}: class Generated_for_debugger_class tried to access private field kotlin.Pair.second (Generated_for_debugger_class is in unnamed module of loader java.net.URLClassLoader @1b68ddbd; kotlin.Pai
Event: 151.925 Thread 0x000001df399b9800 Exception <a 'java/lang/IllegalAccessError'{0x000000070c376290}: class Generated_for_debugger_class tried to access private field kotlin.Pair.second (Generated_for_debugger_class is in unnamed module of loader java.net.URLClassLoader @536aaa8d; kotlin.Pai
Event: 158.064 Thread 0x000001df399b9800 Exception <a 'java/lang/IllegalAccessError'{0x000000070c3790d8}: class Generated_for_debugger_class tried to access private field kotlin.Pair.second (Generated_for_debugger_class is in unnamed module of loader java.net.URLClassLoader @76f2b07d; kotlin.Pai
Event: 252.980 Thread 0x000001df399b9800 Exception <a 'java/lang/IllegalAccessError'{0x000000070959df70}: class Generated_for_debugger_class tried to access private field kotlin.Pair.second (Generated_for_debugger_class is in unnamed module of loader java.net.URLClassLoader @4493d195; kotlin.Pai
Event: 557.064 Thread 0x000001df399b9800 Exception <a 'java/lang/IllegalAccessError'{0x000000070e0407f0}: class Generated_for_debugger_class tried to access private field kotlin.Pair.second (Generated_for_debugger_class is in unnamed module of loader java.net.URLClassLoader @4232c52b; kotlin.Pai
Event: 2050.895 Thread 0x000001df399b9800 Exception <a 'java/lang/IllegalAccessError'{0x000000070dca46f8}: class Generated_for_debugger_class tried to access private field kotlin.Pair.second (Generated_for_debugger_class is in unnamed module of loader java.net.URLClassLoader @7a1ebcd8; kotlin.Pai

Events (10 events):
Event: 3109.625 Executing VM operation: GetStackTrace
Event: 3109.625 Executing VM operation: GetStackTrace done
Event: 3136.826 Executing VM operation: RedefineClasses
Event: 3136.829 Executing VM operation: RedefineClasses done
Event: 3136.830 Executing VM operation: GetFrameCount
Event: 3136.830 Executing VM operation: GetFrameCount done
Event: 3136.830 Executing VM operation: GetFrameCount
Event: 3136.830 Executing VM operation: GetFrameCount done
Event: 3136.830 Executing VM operation: GetStackTrace
Event: 3136.830 Executing VM operation: GetStackTrace done


Dynamic libraries:
0x00007ff7e0ad0000 - 0x00007ff7e0b15000 	C:\Program Files\Java\jdk-11\bin\java.exe
0x00007ff870c60000 - 0x00007ff870e4d000 	C:\Windows\SYSTEM32\ntdll.dll
0x00007ff870b70000 - 0x00007ff870c23000 	C:\Windows\System32\KERNEL32.DLL
0x00007ff86d930000 - 0x00007ff86dbc5000 	C:\Windows\System32\KERNELBASE.dll
0x00007ff86fc60000 - 0x00007ff86fdf7000 	C:\Windows\System32\USER32.dll
0x00007ff86cf80000 - 0x00007ff86cfa0000 	C:\Windows\System32\win32u.dll
0x00007ff8707a0000 - 0x00007ff8707c9000 	C:\Windows\System32\GDI32.dll
0x00007ff86dbd0000 - 0x00007ff86dd6c000 	C:\Windows\System32\gdi32full.dll
0x00007ff86ce60000 - 0x00007ff86cf00000 	C:\Windows\System32\msvcp_win.dll
0x00007ff86cd10000 - 0x00007ff86ce0a000 	C:\Windows\System32\ucrtbase.dll
0x00007ff85d470000 - 0x00007ff85d6e9000 	C:\Windows\WinSxS\amd64_microsoft.windows.common-controls_6595b64144ccf1df_6.0.17763.1518_none_de6e2bd0534e2567\COMCTL32.dll
0x00007ff870160000 - 0x00007ff8701fe000 	C:\Windows\System32\msvcrt.dll
0x00007ff870400000 - 0x00007ff87072d000 	C:\Windows\System32\combase.dll
0x00007ff870200000 - 0x00007ff870322000 	C:\Windows\System32\RPCRT4.dll
0x00007ff86cf00000 - 0x00007ff86cf7e000 	C:\Windows\System32\bcryptPrimitives.dll
0x00007ff86dee0000 - 0x00007ff86df0e000 	C:\Windows\System32\IMM32.DLL
0x00007ff85c070000 - 0x00007ff85c086000 	C:\Program Files\Java\jdk-11\bin\vcruntime140.dll
0x00007ff841e80000 - 0x00007ff841f2a000 	C:\Program Files\Java\jdk-11\bin\msvcp140.dll
0x00007ff812d30000 - 0x00007ff813871000 	C:\Program Files\Java\jdk-11\bin\server\jvm.dll
0x00007ff870a10000 - 0x00007ff870ab3000 	C:\Windows\System32\ADVAPI32.dll
0x00007ff870040000 - 0x00007ff8700de000 	C:\Windows\System32\sechost.dll
0x00007ff86e070000 - 0x00007ff86e078000 	C:\Windows\System32\PSAPI.DLL
0x00007ff85c340000 - 0x00007ff85c349000 	C:\Windows\SYSTEM32\WSOCK32.dll
0x00007ff870730000 - 0x00007ff87079d000 	C:\Windows\System32\WS2_32.dll
0x00007ff86ae40000 - 0x00007ff86ae64000 	C:\Windows\SYSTEM32\WINMM.dll
0x00007ff864e80000 - 0x00007ff864e8a000 	C:\Windows\SYSTEM32\VERSION.dll
0x00007ff86acf0000 - 0x00007ff86ad1d000 	C:\Windows\SYSTEM32\WINMMBASE.dll
0x00007ff86ce10000 - 0x00007ff86ce5a000 	C:\Windows\System32\cfgmgr32.dll
0x00007ff86ccf0000 - 0x00007ff86cd01000 	C:\Windows\System32\kernel.appcore.dll
0x00007ff857d00000 - 0x00007ff857d11000 	C:\Program Files\Java\jdk-11\bin\verify.dll
0x00007ff865f60000 - 0x00007ff86614d000 	C:\Windows\SYSTEM32\DBGHELP.DLL
0x00007ff83d960000 - 0x00007ff83d98a000 	C:\Windows\SYSTEM32\dbgcore.DLL
0x00007ff853ed0000 - 0x00007ff853ef8000 	C:\Program Files\Java\jdk-11\bin\java.dll
0x00007ff867870000 - 0x00007ff8678a7000 	C:\Program Files\Java\jdk-11\bin\jdwp.dll
0x00007ff853dd0000 - 0x00007ff853dff000 	C:\Program Files\Java\jdk-11\bin\instrument.dll
0x00007ff853bf0000 - 0x00007ff853c06000 	C:\Program Files\Java\jdk-11\bin\zip.dll
0x00007ff85ffb0000 - 0x00007ff85ffba000 	C:\Program Files\Java\jdk-11\bin\jimage.dll
0x00007ff86e100000 - 0x00007ff86f5f9000 	C:\Windows\System32\SHELL32.dll
0x00007ff870960000 - 0x00007ff870a08000 	C:\Windows\System32\shcore.dll
0x00007ff86cfd0000 - 0x00007ff86d722000 	C:\Windows\System32\windows.storage.dll
0x00007ff86cca0000 - 0x00007ff86ccc4000 	C:\Windows\System32\profapi.dll
0x00007ff86cc40000 - 0x00007ff86cc9d000 	C:\Windows\System32\powrprof.dll
0x00007ff86ffe0000 - 0x00007ff870032000 	C:\Windows\System32\shlwapi.dll
0x00007ff86d730000 - 0x00007ff86d747000 	C:\Windows\System32\cryptsp.dll
0x00007ff867d60000 - 0x00007ff867d6a000 	C:\Program Files\Java\jdk-11\bin\dt_socket.dll
0x00007ff86c450000 - 0x00007ff86c4b7000 	C:\Windows\system32\mswsock.dll
0x00007ff852ff0000 - 0x00007ff853009000 	C:\Program Files\Java\jdk-11\bin\net.dll
0x00007ff867e20000 - 0x00007ff867f14000 	C:\Windows\SYSTEM32\WINHTTP.dll
0x00007ff844a20000 - 0x00007ff844a33000 	C:\Program Files\Java\jdk-11\bin\nio.dll

dbghelp: loaded successfully - version: 4.0.5 - missing functions: none
symbol engine: initialized successfully - sym options: 0x614 - pdb path: .;C:\Program Files\Java\jdk-11\bin;C:\Windows\SYSTEM32;C:\Windows\WinSxS\amd64_microsoft.windows.common-controls_6595b64144ccf1df_6.0.17763.1518_none_de6e2bd0534e2567;C:\Program Files\Java\jdk-11\bin\server

VM Arguments:
jvm_args: -agentlib:jdwp=transport=dt_socket,address=127.0.0.1:52700,suspend=y,server=n -javaagent:C:\Users\Sqbika\AppData\Local\JetBrains\Toolbox\apps\IDEA-U\ch-0\201.7846.76\plugins\java\lib\rt\debugger-agent.jar -Dfile.encoding=UTF-8 
java_command: SolutionKt today
java_class_path (initial): E:\dev\AdventOfCodeSolutions\2020\out\production\2020;E:\dev\AdventOfCodeSolutions\2020\lib\kotlin-stdlib.jar;E:\dev\AdventOfCodeSolutions\2020\lib\kotlin-reflect.jar;E:\dev\AdventOfCodeSolutions\2020\lib\kotlin-test.jar;E:\dev\AdventOfCodeSolutions\2020\lib\kotlin-stdlib-jdk7.jar;E:\dev\AdventOfCodeSolutions\2020\lib\kotlin-stdlib-jdk8.jar;C:\Users\Sqbika\AppData\Local\JetBrains\Toolbox\apps\IDEA-U\ch-0\201.7846.76\lib\idea_rt.jar
Launcher Type: SUN_STANDARD

[Global flags]
     intx CICompilerCount                          = 3                                         {product} {ergonomic}
     uint ConcGCThreads                            = 1                                         {product} {ergonomic}
     uint G1ConcRefinementThreads                  = 4                                         {product} {ergonomic}
   size_t G1HeapRegionSize                         = 1048576                                   {product} {ergonomic}
    uintx GCDrainStackTargetSize                   = 64                                        {product} {ergonomic}
   size_t InitialHeapSize                          = 268435456                                 {product} {ergonomic}
   size_t MarkStackSize                            = 4194304                                   {product} {ergonomic}
   size_t MaxHeapSize                              = 4284481536                                {product} {ergonomic}
   size_t MaxNewSize                               = 2570059776                                {product} {ergonomic}
   size_t MinHeapDeltaBytes                        = 1048576                                   {product} {ergonomic}
    uintx NonNMethodCodeHeapSize                   = 5830092                                {pd product} {ergonomic}
    uintx NonProfiledCodeHeapSize                  = 122914074                              {pd product} {ergonomic}
    uintx ProfiledCodeHeapSize                     = 122914074                              {pd product} {ergonomic}
    uintx ReservedCodeCacheSize                    = 251658240                              {pd product} {ergonomic}
     bool SegmentedCodeCache                       = true                                      {product} {ergonomic}
     bool UseCompressedClassPointers               = true                                 {lp64_product} {ergonomic}
     bool UseCompressedOops                        = true                                 {lp64_product} {ergonomic}
     bool UseG1GC                                  = true                                      {product} {ergonomic}
     bool UseLargePagesIndividualAllocation        = false                                  {pd product} {ergonomic}

Logging:
Log output configuration:
 #0: stdout all=warning uptime,level,tags
 #1: stderr all=off uptime,level,tags

Environment Variables:
JAVA_HOME=C:\Progra~1\Java\jdk-11
PATH=C:\Python38\Scripts\;C:\Python38\;C:\Program Files\AdoptOpenJDK\jdk-11.0.6.10-hotspot\bin;C:\Program Files\AdoptOpenJDK\jdk-8.0.212.03-hotspot\bin;C:\Program Files (x86)\NVIDIA Corporation\PhysX\Common;C:\Program Files (x86)\Common Files\Oracle\Java\javapath;C:\Program Files\AdoptOpenJDK\jdk8u202-b08-jre\bin;C:\Windows\system32;C:\Windows;C:\Windows\System32\Wbem;C:\Windows\System32\WindowsPowerShell\v1.0\;C:\Windows\System32\OpenSSH\;C:\Program Files\PuTTY\;C:\Program Files\Microsoft VS Code\bin;C:\Program Files\Git\cmd;C:\Program Files (x86)\Yarn\bin\;C:\Program Files\dotnet\;C:\Program Files\Microsoft SQL Server\130\Tools\Binn\;C:\Program Files\Microsoft SQL Server\Client SDK\ODBC\170\Tools\Binn\;C:\Program Files\nodejs\;C:\ProgramData\chocolatey\bin;;C:\Program Files (x86)\Gpg4win\..\GnuPG\bin;C:\Program Files\WireGuard\;C:\Python27\Scripts\;C:\Python27\;C:\Users\Sqbika\AppData\Local\Microsoft\WindowsApps;C:\Program Files (x86)\Nmap;C:\Users\Sqbika\AppData\Local\Yarn\bin;C:\Users\Sqbika\AppData\Roaming\npm;C:\Users\Sqbika\AppData\Local\atom\bin;C:\Users\Sqbika\.dotnet\tools
USERNAME=Sqbika
OS=Windows_NT
PROCESSOR_IDENTIFIER=Intel64 Family 6 Model 94 Stepping 3, GenuineIntel



---------------  S Y S T E M  ---------------

OS: Windows 10 , 64 bit Build 17763 (10.0.17763.475)

CPU:total 4 (initial active 4) (4 cores per cpu, 1 threads per core) family 6 model 94 stepping 3, cmov, cx8, fxsr, mmx, sse, sse2, sse3, ssse3, sse4.1, sse4.2, popcnt, avx, avx2, aes, clmul, erms, 3dnowpref, lzcnt, tsc, tscinvbit, bmi1, bmi2, adx, fma

Memory: 4k page, system-wide physical 16336M (8118M free)
TotalPageFile size 25040M (AvailPageFile size 12883M)
current process WorkingSet (physical memory assigned to process): 203M, peak: 207M
current process commit charge ("private bytes"): 338M, peak: 341M

vm_info: OpenJDK 64-Bit Server VM (11+28) for windows-amd64 JRE (11+28), built on Aug 23 2018 03:04:58 by "mach5one" with MS VC++ 15.5 (VS2017)

END.
